*** Starting uWSGI 2.0.17 (64bit) on [Thu Dec 20 13:22:26 2018] ***
compiled with version: 6.4.0 on 01 May 2018 17:28:25
os: Linux-4.4.0-101-generic #124-Ubuntu SMP Fri Nov 10 18:29:59 UTC 2017
nodename: flask
machine: x86_64
clock source: unix
pcre jit disabled
detected number of CPU cores: 12
current working directory: /app
detected binary path: /usr/sbin/uwsgi
chdir() to /app
your memory page size is 4096 bytes
detected max file descriptor number: 1048576
lock engine: pthread robust mutexes
thunder lock: disabled (you can enable it with --thunder-lock)
uwsgi socket 0 bound to UNIX address /sock/uwsgi.sock fd 3
setgid() to 102
setuid() to 101
Python version: 3.6.6 (default, Aug 24 2018, 05:04:18)  [GCC 6.4.0]
*** Python threads support is disabled. You can enable it with --enable-threads ***
Python main interpreter initialized at 0x7f1fee5dd1c0
your server socket listen backlog is limited to 100 connections
your mercy for graceful operations on workers is 60 seconds
mapped 218760 bytes (213 KB) for 2 cores
*** Operational MODE: preforking ***
WSGI app 0 (mountpoint='') ready in 0 seconds on interpreter 0x7f1fee5dd1c0 pid: 20 (default app)
*** uWSGI is running in multiple interpreter mode ***
spawned uWSGI master process (pid: 20)
spawned uWSGI worker 1 (pid: 21, cores: 1)
spawned uWSGI worker 2 (pid: 22, cores: 1)
SIGINT/SIGQUIT received...killing workers...
worker 1 buried after 1 seconds
worker 2 buried after 1 seconds
goodbye to uWSGI.
