2018-12-28 00:03:50,309 CRIT Supervisor is running as root.  Privileges were not dropped because no user is specified in the config file.  If you intend to run as root, you can set user=root in the config file to avoid this message.
2018-12-28 00:03:50,311 INFO supervisord started with pid 55
2018-12-28 00:03:51,314 INFO spawned: 'uwsgi' with pid 57
2018-12-28 00:03:52,327 INFO success: uwsgi entered RUNNING state, process has stayed up for > than 1 seconds (startsecs)
2018-12-28 00:04:25,114 WARN received SIGINT indicating exit request
2018-12-28 00:04:25,114 INFO waiting for uwsgi to die
2018-12-28 00:04:26,116 INFO stopped: uwsgi (exit status 0)
2018-12-28 00:05:59,147 CRIT Supervisor is running as root.  Privileges were not dropped because no user is specified in the config file.  If you intend to run as root, you can set user=root in the config file to avoid this message.
2018-12-28 00:05:59,148 INFO supervisord started with pid 68
2018-12-28 00:06:00,150 INFO spawned: 'uwsgi' with pid 70
2018-12-28 00:06:01,163 INFO success: uwsgi entered RUNNING state, process has stayed up for > than 1 seconds (startsecs)
2018-12-28 00:06:01,697 WARN received SIGINT indicating exit request
2018-12-28 00:06:01,697 INFO waiting for uwsgi to die
2018-12-28 00:06:02,699 INFO stopped: uwsgi (exit status 0)
2018-12-28 09:18:56,567 CRIT Supervisor is running as root.  Privileges were not dropped because no user is specified in the config file.  If you intend to run as root, you can set user=root in the config file to avoid this message.
2018-12-28 09:18:56,568 INFO supervisord started with pid 2136
2018-12-28 09:18:57,571 INFO spawned: 'uwsgi' with pid 2138
2018-12-28 09:18:58,584 INFO success: uwsgi entered RUNNING state, process has stayed up for > than 1 seconds (startsecs)
2018-12-28 09:19:22,929 WARN received SIGINT indicating exit request
2018-12-28 09:19:22,930 INFO waiting for uwsgi to die
2018-12-28 09:19:23,932 INFO stopped: uwsgi (exit status 0)
2018-12-28 09:19:58,330 CRIT Supervisor is running as root.  Privileges were not dropped because no user is specified in the config file.  If you intend to run as root, you can set user=root in the config file to avoid this message.
2018-12-28 09:19:58,331 INFO supervisord started with pid 2144
2018-12-28 09:19:59,334 INFO spawned: 'uwsgi' with pid 2146
2018-12-28 09:20:00,347 INFO success: uwsgi entered RUNNING state, process has stayed up for > than 1 seconds (startsecs)
2018-12-28 09:22:31,308 WARN received SIGINT indicating exit request
2018-12-28 09:22:31,308 INFO waiting for uwsgi to die
2018-12-28 09:22:32,310 INFO stopped: uwsgi (exit status 0)
2018-12-28 09:24:56,118 CRIT Supervisor is running as root.  Privileges were not dropped because no user is specified in the config file.  If you intend to run as root, you can set user=root in the config file to avoid this message.
2018-12-28 09:24:56,119 INFO supervisord started with pid 2191
2018-12-28 09:24:57,121 INFO spawned: 'uwsgi' with pid 2193
2018-12-28 09:24:58,135 INFO success: uwsgi entered RUNNING state, process has stayed up for > than 1 seconds (startsecs)
2018-12-28 09:25:21,695 WARN received SIGINT indicating exit request
2018-12-28 09:25:21,695 INFO waiting for uwsgi to die
2018-12-28 09:25:22,700 INFO stopped: uwsgi (exit status 0)
2018-12-28 09:30:14,836 CRIT Supervisor is running as root.  Privileges were not dropped because no user is specified in the config file.  If you intend to run as root, you can set user=root in the config file to avoid this message.
2018-12-28 09:30:14,837 INFO supervisord started with pid 2162
2018-12-28 09:30:15,840 INFO spawned: 'uwsgi' with pid 2164
2018-12-28 09:30:16,854 INFO success: uwsgi entered RUNNING state, process has stayed up for > than 1 seconds (startsecs)
2018-12-28 09:30:23,286 WARN received SIGINT indicating exit request
2018-12-28 09:30:23,286 INFO waiting for uwsgi to die
2018-12-28 09:30:24,292 INFO stopped: uwsgi (exit status 0)
